2024-03-13 11:23:41,654 INFO o.a.j.u.JMeterUtils: Setting Locale to en_US
2024-03-13 11:23:41,670 INFO o.a.j.JMeter: Loading user properties from: user.properties
2024-03-13 11:23:41,670 INFO o.a.j.JMeter: Loading system properties from: system.properties
2024-03-13 11:23:41,671 INFO o.a.j.JMeter: Loading additional properties from: C:\Users\mmuthusamy\Documents\apache-jmeter-5.6.3\bin\user.properties
2024-03-13 11:23:41,679 INFO o.a.j.JMeter: Copyright (c) 1998-2024 The Apache Software Foundation
2024-03-13 11:23:41,679 INFO o.a.j.JMeter: Version 5.6.3
2024-03-13 11:23:41,679 INFO o.a.j.JMeter: java.version=1.8.0_202
2024-03-13 11:23:41,679 INFO o.a.j.JMeter: java.vm.name=Java HotSpot(TM) 64-Bit Server VM
2024-03-13 11:23:41,679 INFO o.a.j.JMeter: os.name=Windows 10
2024-03-13 11:23:41,679 INFO o.a.j.JMeter: os.arch=amd64
2024-03-13 11:23:41,679 INFO o.a.j.JMeter: os.version=10.0
2024-03-13 11:23:41,679 INFO o.a.j.JMeter: file.encoding=Cp1252
2024-03-13 11:23:41,679 INFO o.a.j.JMeter: java.awt.headless=true
2024-03-13 11:23:41,679 INFO o.a.j.JMeter: Max memory     =1854930944
2024-03-13 11:23:41,679 INFO o.a.j.JMeter: Available Processors =8
2024-03-13 11:23:41,687 INFO o.a.j.JMeter: Default Locale=English (United States)
2024-03-13 11:23:41,688 INFO o.a.j.JMeter: JMeter  Locale=English (United States)
2024-03-13 11:23:41,688 INFO o.a.j.JMeter: JMeterHome=C:\Users\mmuthusamy\Documents\apache-jmeter-5.6.3
2024-03-13 11:23:41,688 INFO o.a.j.JMeter: user.dir  =C:\Users\mmuthusamy\Documents\apache-jmeter-5.6.3\bin
2024-03-13 11:23:41,688 INFO o.a.j.JMeter: PWD       =C:\Users\mmuthusamy\Documents\apache-jmeter-5.6.3\bin
2024-03-13 11:23:41,689 INFO o.a.j.JMeter: IP: 10.192.192.104 Name: L-INE-CS6Z003 FullName: L-INE-CS6Z003.ardianet.net
2024-03-13 11:23:41,705 INFO o.a.j.JMeter: Setting property 'jmeter.reportgenerator.outputdir' to:'C:\Users\mmuthusamy\Desktop\JMeter_Script\New Folder'
2024-03-13 11:23:41,707 INFO o.a.j.r.d.ReportGenerator: ReportGenerator will use for Parsing the separator: ';'
2024-03-13 11:23:41,710 INFO o.a.j.r.d.ReportGenerator: Will only generate report from results file: C:\Users\mmuthusamy\Documents\00.Result\Run108\LoadTest_108_12-01-2024_ART_01FINT164.csv
2024-03-13 11:23:41,710 INFO o.a.j.r.d.ReportGenerator: Reading report generator properties from: C:\Users\mmuthusamy\Documents\apache-jmeter-5.6.3\bin\reportgenerator.properties
2024-03-13 11:23:41,711 INFO o.a.j.r.d.ReportGenerator: Merging with JMeter properties
2024-03-13 11:23:41,716 INFO o.a.j.r.c.ReportGeneratorConfiguration: Property 'jmeter.reportgenerator.temp_dir' not found, using default value 'temp' instead.
2024-03-13 11:23:41,719 INFO o.a.j.r.c.ReportGeneratorConfiguration: Property 'jmeter.reportgenerator.apdex_per_transaction' not found, using default value 'null' instead.
2024-03-13 11:23:41,725 INFO o.a.j.r.c.ReportGeneratorConfiguration: apdex_per_transaction is empty, not APDEX per transaction customization
2024-03-13 11:23:41,725 INFO o.a.j.r.c.ReportGeneratorConfiguration: Property 'jmeter.reportgenerator.sample_filter' not found, using default value 'null' instead.
2024-03-13 11:23:41,725 INFO o.a.j.r.c.ReportGeneratorConfiguration: Property 'jmeter.reportgenerator.report_title' not found, using default value 'null' instead.
2024-03-13 11:23:41,725 INFO o.a.j.r.c.ReportGeneratorConfiguration: Property 'jmeter.reportgenerator.start_date' not found, using default value 'null' instead.
2024-03-13 11:23:41,725 INFO o.a.j.r.c.ReportGeneratorConfiguration: Property 'jmeter.reportgenerator.end_date' not found, using default value 'null' instead.
2024-03-13 11:23:41,726 INFO o.a.j.r.c.ReportGeneratorConfiguration: Property 'jmeter.reportgenerator.date_format' not found, using default value 'null' instead.
2024-03-13 11:23:41,726 INFO o.a.j.r.c.ReportGeneratorConfiguration: Will use date range start date: null, end date: null
2024-03-13 11:23:41,729 INFO o.a.j.r.c.ReportGeneratorConfiguration: Property 'jmeter.reportgenerator.graph.totalTPS.exclude_controllers' not found, using default value 'false' instead.
2024-03-13 11:23:41,730 INFO o.a.j.r.c.ReportGeneratorConfiguration: Property 'jmeter.reportgenerator.graph.activeThreadsOverTime.exclude_controllers' not found, using default value 'false' instead.
2024-03-13 11:23:41,731 INFO o.a.j.r.c.ReportGeneratorConfiguration: Property 'jmeter.reportgenerator.graph.timeVsThreads.exclude_controllers' not found, using default value 'false' instead.
2024-03-13 11:23:41,731 INFO o.a.j.r.c.ReportGeneratorConfiguration: Property 'jmeter.reportgenerator.graph.responseTimeDistribution.exclude_controllers' not found, using default value 'false' instead.
2024-03-13 11:23:41,731 INFO o.a.j.r.c.ReportGeneratorConfiguration: Property 'jmeter.reportgenerator.graph.transactionsPerSecond.exclude_controllers' not found, using default value 'false' instead.
2024-03-13 11:23:41,731 INFO o.a.j.r.c.ReportGeneratorConfiguration: Property 'jmeter.reportgenerator.graph.responseTimePercentiles.exclude_controllers' not found, using default value 'false' instead.
2024-03-13 11:23:41,731 INFO o.a.j.r.c.ReportGeneratorConfiguration: Property 'jmeter.reportgenerator.graph.responseTimePercentilesOverTime.exclude_controllers' not found, using default value 'false' instead.
2024-03-13 11:23:41,731 INFO o.a.j.r.c.ReportGeneratorConfiguration: Property 'jmeter.reportgenerator.graph.responseTimesOverTime.exclude_controllers' not found, using default value 'false' instead.
2024-03-13 11:23:41,731 INFO o.a.j.r.c.ReportGeneratorConfiguration: Property 'jmeter.reportgenerator.graph.connectTimeOverTime.exclude_controllers' not found, using default value 'false' instead.
2024-03-13 11:23:41,731 INFO o.a.j.r.c.ReportGeneratorConfiguration: Property 'jmeter.reportgenerator.graph.latenciesOverTime.exclude_controllers' not found, using default value 'false' instead.
2024-03-13 11:23:41,732 INFO o.a.j.r.c.ReportGeneratorConfiguration: Property 'jmeter.reportgenerator.exporter.json.filters_only_sample_series' not found, using default value 'true' instead.
2024-03-13 11:23:41,732 INFO o.a.j.r.c.ReportGeneratorConfiguration: Property 'jmeter.reportgenerator.exporter.json.series_filter' not found, using default value '' instead.
2024-03-13 11:23:41,733 INFO o.a.j.r.c.ReportGeneratorConfiguration: Property 'jmeter.reportgenerator.exporter.json.show_controllers_only' not found, using default value 'false' instead.
2024-03-13 11:23:41,733 INFO o.a.j.r.c.ReportGeneratorConfiguration: Property 'jmeter.reportgenerator.exporter.html.filters_only_sample_series' not found, using default value 'true' instead.
2024-03-13 11:23:41,733 INFO o.a.j.r.c.ReportGeneratorConfiguration: Property 'jmeter.reportgenerator.exporter.html.series_filter' not found, using default value '' instead.
2024-03-13 11:23:41,733 INFO o.a.j.r.c.ReportGeneratorConfiguration: Property 'jmeter.reportgenerator.exporter.html.show_controllers_only' not found, using default value 'false' instead.
2024-03-13 11:23:41,896 INFO o.a.j.s.SaveService: Testplan (JMX) version: 2.2. Testlog (JTL) version: 2.2
2024-03-13 11:23:41,915 INFO o.a.j.s.SaveService: Using SaveService properties file encoding UTF-8
2024-03-13 11:23:41,918 INFO o.a.j.s.SaveService: Using SaveService properties version 5.0
2024-03-13 11:23:41,952 WARN o.a.j.s.CSVSaveService: Unknown column name timeStamp,elapsed,label,responseCode,threadName,dataType,success,failureMessage,bytes,sentBytes,grpThreads,allThreads,URL,Latency,IdleTime,Connect
2024-03-13 11:23:41,971 WARN o.a.j.s.CSVSaveService: Default delimiter ';' did not work; using alternate ',' for reading C:\Users\mmuthusamy\Documents\00.Result\Run108\LoadTest_108_12-01-2024_ART_01FINT164.csv
2024-03-13 11:23:41,971 WARN o.a.j.r.c.SampleMetaDataParser: Use guessed delimiter ',' instead of configured ';'. Please configure the property 'jmeter.save.saveservice.default_delimiter=,'
2024-03-13 11:23:41,976 INFO o.a.j.r.p.NormalizerSampleConsumer: Using format, 'HH:mm:ss', to parse timeStamp field
2024-03-13 11:23:42,382 INFO o.a.j.r.p.AbstractSampleConsumer: class org.apache.jmeter.report.processor.AggregateConsumer#stopProducing(): beginDate produced 0 samples
2024-03-13 11:23:42,382 INFO o.a.j.r.p.AbstractSampleConsumer: class org.apache.jmeter.report.processor.AggregateConsumer#stopProducing(): endDate produced 0 samples
2024-03-13 11:23:42,383 INFO o.a.j.r.p.AbstractSampleConsumer: class org.apache.jmeter.report.processor.ApdexSummaryConsumer#stopProducing(): apdexSummary produced 0 samples
2024-03-13 11:23:42,383 INFO o.a.j.r.p.AbstractSampleConsumer: class org.apache.jmeter.report.processor.RequestsSummaryConsumer#stopProducing(): requestsSummary produced 0 samples
2024-03-13 11:23:42,384 INFO o.a.j.r.p.AbstractSampleConsumer: class org.apache.jmeter.report.processor.StatisticsSummaryConsumer#stopProducing(): statisticsSummary produced 0 samples
2024-03-13 11:23:42,384 INFO o.a.j.r.p.AbstractSampleConsumer: class org.apache.jmeter.report.processor.Top5ErrorsBySamplerConsumer#stopProducing(): top5ErrorsBySampler produced 0 samples
2024-03-13 11:23:42,384 INFO o.a.j.r.p.AbstractSampleConsumer: class org.apache.jmeter.report.processor.ErrorsSummaryConsumer#stopProducing(): errorsSummary produced 0 samples
2024-03-13 11:23:42,384 INFO o.a.j.r.p.AbstractSampleConsumer: class org.apache.jmeter.report.processor.graph.impl.HitsPerSecondGraphConsumer#stopProducing(): hitsPerSecond produced 0 samples
2024-03-13 11:23:42,398 INFO o.a.j.r.p.AbstractSampleConsumer: class org.apache.jmeter.report.processor.graph.impl.LatencyVSRequestGraphConsumer#stopProducing(): latencyVsRequest produced 0 samples
2024-03-13 11:23:42,398 INFO o.a.j.r.p.AbstractSampleConsumer: class org.apache.jmeter.report.processor.graph.impl.SyntheticResponseTimeDistributionGraphConsumer#stopProducing(): syntheticResponseTimeDistribution produced 0 samples
2024-03-13 11:23:42,398 INFO o.a.j.r.p.AbstractSampleConsumer: class org.apache.jmeter.report.processor.graph.impl.BytesThroughputGraphConsumer#stopProducing(): bytesThroughputOverTime produced 0 samples
2024-03-13 11:23:42,398 INFO o.a.j.r.p.AbstractSampleConsumer: class org.apache.jmeter.report.processor.graph.impl.CodesPerSecondGraphConsumer#stopProducing(): codesPerSecond produced 0 samples
2024-03-13 11:23:42,401 INFO o.a.j.r.p.AbstractSampleConsumer: class org.apache.jmeter.report.processor.graph.impl.ResponseTimeVSRequestGraphConsumer#stopProducing(): responseTimeVsRequest produced 0 samples
2024-03-13 11:23:42,401 INFO o.a.j.r.p.AbstractSampleConsumer: class org.apache.jmeter.report.processor.FilterConsumer#stopProducing(): startIntervalControlerFilter produced 0 samples
2024-03-13 11:23:42,402 INFO o.a.j.r.p.AbstractSampleConsumer: class org.apache.jmeter.report.processor.graph.impl.TotalTPSGraphConsumer#stopProducing(): totalTPS produced 0 samples
2024-03-13 11:23:42,402 INFO o.a.j.r.p.AbstractSampleConsumer: class org.apache.jmeter.report.processor.graph.impl.ActiveThreadsGraphConsumer#stopProducing(): activeThreadsOverTime produced 0 samples
2024-03-13 11:23:42,402 INFO o.a.j.r.p.AbstractSampleConsumer: class org.apache.jmeter.report.processor.graph.impl.TimeVSThreadGraphConsumer#stopProducing(): timeVsThreads produced 0 samples
2024-03-13 11:23:42,402 INFO o.a.j.r.p.AbstractSampleConsumer: class org.apache.jmeter.report.processor.graph.impl.ResponseTimeDistributionGraphConsumer#stopProducing(): responseTimeDistribution produced 0 samples
2024-03-13 11:23:42,402 INFO o.a.j.r.p.AbstractSampleConsumer: class org.apache.jmeter.report.processor.graph.impl.TransactionsPerSecondGraphConsumer#stopProducing(): transactionsPerSecond produced 0 samples
2024-03-13 11:23:42,402 INFO o.a.j.r.p.AbstractSampleConsumer: class org.apache.jmeter.report.processor.graph.impl.ResponseTimePercentilesGraphConsumer#stopProducing(): responseTimePercentiles produced 0 samples
2024-03-13 11:23:42,402 INFO o.a.j.r.p.AbstractSampleConsumer: class org.apache.jmeter.report.processor.graph.impl.ResponseTimePercentilesOverTimeGraphConsumer#stopProducing(): responseTimePercentilesOverTime produced 0 samples
2024-03-13 11:23:42,402 INFO o.a.j.r.p.AbstractSampleConsumer: class org.apache.jmeter.report.processor.graph.impl.ResponseTimeOverTimeGraphConsumer#stopProducing(): responseTimesOverTime produced 0 samples
2024-03-13 11:23:42,402 INFO o.a.j.r.p.AbstractSampleConsumer: class org.apache.jmeter.report.processor.graph.impl.ConnectTimeOverTimeGraphConsumer#stopProducing(): connectTimeOverTime produced 0 samples
2024-03-13 11:23:42,402 INFO o.a.j.r.p.AbstractSampleConsumer: class org.apache.jmeter.report.processor.graph.impl.LatencyOverTimeGraphConsumer#stopProducing(): latenciesOverTime produced 0 samples
2024-03-13 11:23:42,402 INFO o.a.j.r.p.AbstractSampleConsumer: class org.apache.jmeter.report.processor.FilterConsumer#stopProducing(): nameFilter produced 0 samples
2024-03-13 11:23:42,402 INFO o.a.j.r.p.AbstractSampleConsumer: class org.apache.jmeter.report.processor.FilterConsumer#stopProducing(): dateRangeFilter produced 0 samples
2024-03-13 11:23:42,402 INFO o.a.j.r.p.AbstractSampleConsumer: class org.apache.jmeter.report.processor.NormalizerSampleConsumer#stopProducing(): normalizer produced 0 samples
2024-03-13 11:23:42,403 ERROR o.a.j.JMeter: An error occurred: 
org.apache.jmeter.report.dashboard.GenerationException: Error while processing samples: Consumer failed with message :Could not parse timeStamp <1705056884624> using format defined by property jmeter.save.saveservice.timestamp_format=HH:mm:ss on sample 1705056884624,156,SCR04_T01_R01_/fininfra/ui/SSOLogin.jsp,200,SCR04_Corporate_CIF_Verfication 1-1,text,true,,1206,958,1,1,https://finusers.anb.com.sa/fininfra/ui/SSOLogin.jsp,155,0,142 
	at org.apache.jmeter.report.dashboard.ReportGenerator.generate(ReportGenerator.java:246) ~[ApacheJMeter_core.jar:5.6.3]
	at org.apache.jmeter.JMeter.start(JMeter.java:485) [ApacheJMeter_core.jar:5.6.3]
	at sun.reflect.NativeMethodAccessorImpl.invoke0(Native Method) ~[?:1.8.0_202]
	at sun.reflect.NativeMethodAccessorImpl.invoke(Unknown Source) ~[?:1.8.0_202]
	at sun.reflect.DelegatingMethodAccessorImpl.invoke(Unknown Source) ~[?:1.8.0_202]
	at java.lang.reflect.Method.invoke(Unknown Source) ~[?:1.8.0_202]
	at org.apache.jmeter.NewDriver.main(NewDriver.java:259) [ApacheJMeter.jar:5.6.3]
Caused by: org.apache.jmeter.report.core.SampleException: Consumer failed with message :Could not parse timeStamp <1705056884624> using format defined by property jmeter.save.saveservice.timestamp_format=HH:mm:ss on sample 1705056884624,156,SCR04_T01_R01_/fininfra/ui/SSOLogin.jsp,200,SCR04_Corporate_CIF_Verfication 1-1,text,true,,1206,958,1,1,https://finusers.anb.com.sa/fininfra/ui/SSOLogin.jsp,155,0,142 
	at org.apache.jmeter.report.processor.CsvFileSampleSource$PrivateProducer.produce(CsvFileSampleSource.java:327) ~[ApacheJMeter_core.jar:5.6.3]
	at org.apache.jmeter.report.processor.CsvFileSampleSource.produce(CsvFileSampleSource.java:179) ~[ApacheJMeter_core.jar:5.6.3]
	at org.apache.jmeter.report.processor.CsvFileSampleSource.run(CsvFileSampleSource.java:236) ~[ApacheJMeter_core.jar:5.6.3]
	at org.apache.jmeter.report.dashboard.ReportGenerator.generate(ReportGenerator.java:244) ~[ApacheJMeter_core.jar:5.6.3]
	... 6 more
Caused by: org.apache.jmeter.report.core.SampleException: Could not parse timeStamp <1705056884624> using format defined by property jmeter.save.saveservice.timestamp_format=HH:mm:ss on sample 1705056884624,156,SCR04_T01_R01_/fininfra/ui/SSOLogin.jsp,200,SCR04_Corporate_CIF_Verfication 1-1,text,true,,1206,958,1,1,https://finusers.anb.com.sa/fininfra/ui/SSOLogin.jsp,155,0,142 
	at org.apache.jmeter.report.processor.NormalizerSampleConsumer.consume(NormalizerSampleConsumer.java:103) ~[ApacheJMeter_core.jar:5.6.3]
	at org.apache.jmeter.report.processor.CsvFileSampleSource$PrivateProducer.produce(CsvFileSampleSource.java:324) ~[ApacheJMeter_core.jar:5.6.3]
	at org.apache.jmeter.report.processor.CsvFileSampleSource.produce(CsvFileSampleSource.java:179) ~[ApacheJMeter_core.jar:5.6.3]
	at org.apache.jmeter.report.processor.CsvFileSampleSource.run(CsvFileSampleSource.java:236) ~[ApacheJMeter_core.jar:5.6.3]
	at org.apache.jmeter.report.dashboard.ReportGenerator.generate(ReportGenerator.java:244) ~[ApacheJMeter_core.jar:5.6.3]
	... 6 more
Caused by: java.text.ParseException: Unparseable date: "1705056884624"
	at java.text.DateFormat.parse(Unknown Source) ~[?:1.8.0_202]
	at org.apache.jmeter.report.processor.NormalizerSampleConsumer.consume(NormalizerSampleConsumer.java:100) ~[ApacheJMeter_core.jar:5.6.3]
	at org.apache.jmeter.report.processor.CsvFileSampleSource$PrivateProducer.produce(CsvFileSampleSource.java:324) ~[ApacheJMeter_core.jar:5.6.3]
	at org.apache.jmeter.report.processor.CsvFileSampleSource.produce(CsvFileSampleSource.java:179) ~[ApacheJMeter_core.jar:5.6.3]
	at org.apache.jmeter.report.processor.CsvFileSampleSource.run(CsvFileSampleSource.java:236) ~[ApacheJMeter_core.jar:5.6.3]
	at org.apache.jmeter.report.dashboard.ReportGenerator.generate(ReportGenerator.java:244) ~[ApacheJMeter_core.jar:5.6.3]
	... 6 more
