2025-02-06 16:53:04,113 INFO o.a.j.u.JMeterUtils: Setting Locale to en_EN
2025-02-06 16:53:04,128 INFO o.a.j.JMeter: Loading user properties from: user.properties
2025-02-06 16:53:04,128 INFO o.a.j.JMeter: Loading system properties from: system.properties
2025-02-06 16:53:04,144 INFO o.a.j.JMeter: Copyright (c) 1998-2024 The Apache Software Foundation
2025-02-06 16:53:04,144 INFO o.a.j.JMeter: Version 5.6.3
2025-02-06 16:53:04,144 INFO o.a.j.JMeter: java.version=1.8.0_202
2025-02-06 16:53:04,144 INFO o.a.j.JMeter: java.vm.name=Java HotSpot(TM) 64-Bit Server VM
2025-02-06 16:53:04,144 INFO o.a.j.JMeter: os.name=Windows 10
2025-02-06 16:53:04,144 INFO o.a.j.JMeter: os.arch=amd64
2025-02-06 16:53:04,144 INFO o.a.j.JMeter: os.version=10.0
2025-02-06 16:53:04,144 INFO o.a.j.JMeter: file.encoding=Cp1252
2025-02-06 16:53:04,144 INFO o.a.j.JMeter: java.awt.headless=null
2025-02-06 16:53:04,144 INFO o.a.j.JMeter: Max memory     =1073741824
2025-02-06 16:53:04,144 INFO o.a.j.JMeter: Available Processors =8
2025-02-06 16:53:04,152 INFO o.a.j.JMeter: Default Locale=English (EN)
2025-02-06 16:53:04,152 INFO o.a.j.JMeter: JMeter  Locale=English (EN)
2025-02-06 16:53:04,152 INFO o.a.j.JMeter: JMeterHome=C:\PerfomanceTesting\Learning\LR2JMX\08.Tool\apache-jmeter-5.6.3
2025-02-06 16:53:04,152 INFO o.a.j.JMeter: user.dir  =C:\PerfomanceTesting\Learning\LR2JMX\08.Tool\apache-jmeter-5.6.3\bin
2025-02-06 16:53:04,152 INFO o.a.j.JMeter: PWD       =C:\PerfomanceTesting\Learning\LR2JMX\08.Tool\apache-jmeter-5.6.3\bin
2025-02-06 16:53:04,159 INFO o.a.j.JMeter: IP: 10.192.196.217 Name: L-INE-3QMWM93 FullName: L-INE-3QMWM93.ardianet.net
2025-02-06 16:53:04,198 INFO o.a.j.JMeter: Loaded icon properties from org/apache/jmeter/images/icon.properties
2025-02-06 16:53:04,445 INFO o.a.j.JMeterGuiLauncher: Setting LAF to: laf:javax.swing.plaf.metal.MetalLookAndFeel
2025-02-06 16:53:05,412 INFO o.a.j.r.ClassFinder: Will scan jar C:\PerfomanceTesting\Learning\LR2JMX\08.Tool\apache-jmeter-5.6.3\lib\ext\jmeter-plugins-cmd-2.2.jar with filter ExtendsClassFilter [parents=[interface org.apache.jmeter.gui.action.Command], inner=false, contains=null, notContains=null]. Consider exposing JMeter plugins via META-INF/services, and add JMeter-Skip-Class-Scanning=true manifest attribute so JMeter can skip classfile scanning
2025-02-06 16:53:05,412 INFO o.a.j.r.ClassFinder: Will scan jar C:\PerfomanceTesting\Learning\LR2JMX\08.Tool\apache-jmeter-5.6.3\lib\ext\jmeter-plugins-functions-2.2.jar with filter ExtendsClassFilter [parents=[interface org.apache.jmeter.gui.action.Command], inner=false, contains=null, notContains=null]. Consider exposing JMeter plugins via META-INF/services, and add JMeter-Skip-Class-Scanning=true manifest attribute so JMeter can skip classfile scanning
2025-02-06 16:53:05,412 INFO o.a.j.r.ClassFinder: Will scan jar C:\PerfomanceTesting\Learning\LR2JMX\08.Tool\apache-jmeter-5.6.3\lib\ext\jmeter-iso8583-1.3.jar with filter ExtendsClassFilter [parents=[interface org.apache.jmeter.gui.action.Command], inner=false, contains=null, notContains=null]. Consider exposing JMeter plugins via META-INF/services, and add JMeter-Skip-Class-Scanning=true manifest attribute so JMeter can skip classfile scanning
2025-02-06 16:53:05,445 INFO o.a.j.r.ClassFinder: Will scan jar C:\PerfomanceTesting\Learning\LR2JMX\08.Tool\apache-jmeter-5.6.3\lib\ext\jmeter-parallel-0.11.jar with filter ExtendsClassFilter [parents=[interface org.apache.jmeter.gui.action.Command], inner=false, contains=null, notContains=null]. Consider exposing JMeter plugins via META-INF/services, and add JMeter-Skip-Class-Scanning=true manifest attribute so JMeter can skip classfile scanning
2025-02-06 16:53:05,461 INFO o.a.j.r.ClassFinder: Will scan jar C:\PerfomanceTesting\Learning\LR2JMX\08.Tool\apache-jmeter-5.6.3\lib\ext\jmeter-plugins-manager-1.10.jar with filter ExtendsClassFilter [parents=[interface org.apache.jmeter.gui.action.Command], inner=false, contains=null, notContains=null]. Consider exposing JMeter plugins via META-INF/services, and add JMeter-Skip-Class-Scanning=true manifest attribute so JMeter can skip classfile scanning
2025-02-06 16:53:05,604 INFO o.a.j.r.ClassFinder: Will scan jar C:\PerfomanceTesting\Learning\LR2JMX\08.Tool\apache-jmeter-5.6.3\lib\ext\har-convertor-jmeter-plugin-5.2-jar-with-dependencies.jar with filter ExtendsClassFilter [parents=[interface org.apache.jmeter.gui.action.Command], inner=false, contains=null, notContains=null]. Consider exposing JMeter plugins via META-INF/services, and add JMeter-Skip-Class-Scanning=true manifest attribute so JMeter can skip classfile scanning
2025-02-06 16:53:05,967 INFO o.a.j.r.ClassFinder: Will scan jar C:\PerfomanceTesting\Learning\LR2JMX\08.Tool\apache-jmeter-5.6.3\lib\ext\jmeter-plugins-graphs-basic-2.0.jar with filter ExtendsClassFilter [parents=[interface org.apache.jmeter.gui.action.Command], inner=false, contains=null, notContains=null]. Consider exposing JMeter plugins via META-INF/services, and add JMeter-Skip-Class-Scanning=true manifest attribute so JMeter can skip classfile scanning
2025-02-06 16:53:05,982 INFO o.a.j.r.ClassFinder: Will scan jar C:\PerfomanceTesting\Learning\LR2JMX\08.Tool\apache-jmeter-5.6.3\lib\ext\jmeter-plugins-filterresults-2.2.jar with filter ExtendsClassFilter [parents=[interface org.apache.jmeter.gui.action.Command], inner=false, contains=null, notContains=null]. Consider exposing JMeter plugins via META-INF/services, and add JMeter-Skip-Class-Scanning=true manifest attribute so JMeter can skip classfile scanning
2025-02-06 16:53:05,982 INFO o.a.j.r.ClassFinder: Will scan jar C:\PerfomanceTesting\Learning\LR2JMX\08.Tool\apache-jmeter-5.6.3\lib\ext\jmeter-har-import-plugin-v0.1.0.jar with filter ExtendsClassFilter [parents=[interface org.apache.jmeter.gui.action.Command], inner=false, contains=null, notContains=null]. Consider exposing JMeter plugins via META-INF/services, and add JMeter-Skip-Class-Scanning=true manifest attribute so JMeter can skip classfile scanning
2025-02-06 16:53:05,982 INFO o.a.j.r.ClassFinder: Will scan jar C:\PerfomanceTesting\Learning\LR2JMX\08.Tool\apache-jmeter-5.6.3\lib\ext\jmeter-har-import-plugin-v0.2.5.jar with filter ExtendsClassFilter [parents=[interface org.apache.jmeter.gui.action.Command], inner=false, contains=null, notContains=null]. Consider exposing JMeter plugins via META-INF/services, and add JMeter-Skip-Class-Scanning=true manifest attribute so JMeter can skip classfile scanning
2025-02-06 16:53:05,992 INFO o.a.j.r.ClassFinder: Will scan jar C:\PerfomanceTesting\Learning\LR2JMX\08.Tool\apache-jmeter-5.6.3\lib\ext\jmeter-plugins-graphs-composite-2.0.jar with filter ExtendsClassFilter [parents=[interface org.apache.jmeter.gui.action.Command], inner=false, contains=null, notContains=null]. Consider exposing JMeter plugins via META-INF/services, and add JMeter-Skip-Class-Scanning=true manifest attribute so JMeter can skip classfile scanning
2025-02-06 16:53:05,997 INFO o.a.j.r.ClassFinder: Will scan jar C:\PerfomanceTesting\Learning\LR2JMX\08.Tool\apache-jmeter-5.6.3\lib\ext\jmeter-plugins-graphs-additional-2.0.jar with filter ExtendsClassFilter [parents=[interface org.apache.jmeter.gui.action.Command], inner=false, contains=null, notContains=null]. Consider exposing JMeter plugins via META-INF/services, and add JMeter-Skip-Class-Scanning=true manifest attribute so JMeter can skip classfile scanning
2025-02-06 16:53:05,998 INFO o.a.j.r.ClassFinder: Will scan jar C:\PerfomanceTesting\Learning\LR2JMX\08.Tool\apache-jmeter-5.6.3\lib\ext\jmeter-plugins-graphs-ggl-2.0.jar with filter ExtendsClassFilter [parents=[interface org.apache.jmeter.gui.action.Command], inner=false, contains=null, notContains=null]. Consider exposing JMeter plugins via META-INF/services, and add JMeter-Skip-Class-Scanning=true manifest attribute so JMeter can skip classfile scanning
2025-02-06 16:53:05,998 INFO o.a.j.r.ClassFinder: Will scan jar C:\PerfomanceTesting\Learning\LR2JMX\08.Tool\apache-jmeter-5.6.3\lib\ext\jmeter-plugins-synthesis-2.2.jar with filter ExtendsClassFilter [parents=[interface org.apache.jmeter.gui.action.Command], inner=false, contains=null, notContains=null]. Consider exposing JMeter plugins via META-INF/services, and add JMeter-Skip-Class-Scanning=true manifest attribute so JMeter can skip classfile scanning
2025-02-06 16:53:06,012 INFO o.a.j.r.ClassFinder: Will scan jar C:\PerfomanceTesting\Learning\LR2JMX\08.Tool\apache-jmeter-5.6.3\lib\ext\jmeter-plugins-dummy-0.4.jar with filter ExtendsClassFilter [parents=[interface org.apache.jmeter.gui.action.Command], inner=false, contains=null, notContains=null]. Consider exposing JMeter plugins via META-INF/services, and add JMeter-Skip-Class-Scanning=true manifest attribute so JMeter can skip classfile scanning
2025-02-06 16:53:06,017 INFO o.a.j.r.ClassFinder: Will scan jar C:\PerfomanceTesting\Learning\LR2JMX\08.Tool\apache-jmeter-5.6.3\lib\ext\jmeter-plugins-webdriver-4.13.0.0.jar with filter ExtendsClassFilter [parents=[interface org.apache.jmeter.gui.action.Command], inner=false, contains=null, notContains=null]. Consider exposing JMeter plugins via META-INF/services, and add JMeter-Skip-Class-Scanning=true manifest attribute so JMeter can skip classfile scanning
2025-02-06 16:53:06,030 INFO o.a.j.r.ClassFinder: Will scan jar C:\PerfomanceTesting\Learning\LR2JMX\08.Tool\apache-jmeter-5.6.3\lib\ext\tag-jmeter-extn-1.1.jar with filter ExtendsClassFilter [parents=[interface org.apache.jmeter.gui.action.Command], inner=false, contains=null, notContains=null]. Consider exposing JMeter plugins via META-INF/services, and add JMeter-Skip-Class-Scanning=true manifest attribute so JMeter can skip classfile scanning
2025-02-06 16:53:06,039 INFO o.a.j.r.ClassFinder: Will scan jar C:\PerfomanceTesting\Learning\LR2JMX\08.Tool\apache-jmeter-5.6.3\lib\ext\jmeter-plugins-graphs-vs-2.0.jar with filter ExtendsClassFilter [parents=[interface org.apache.jmeter.gui.action.Command], inner=false, contains=null, notContains=null]. Consider exposing JMeter plugins via META-INF/services, and add JMeter-Skip-Class-Scanning=true manifest attribute so JMeter can skip classfile scanning
2025-02-06 16:53:06,039 INFO o.a.j.r.ClassFinder: Will scan jar C:\PerfomanceTesting\Learning\LR2JMX\08.Tool\apache-jmeter-5.6.3\lib\ext\jmeter-debugger-0.6.jar with filter ExtendsClassFilter [parents=[interface org.apache.jmeter.gui.action.Command], inner=false, contains=null, notContains=null]. Consider exposing JMeter plugins via META-INF/services, and add JMeter-Skip-Class-Scanning=true manifest attribute so JMeter can skip classfile scanning
2025-02-06 16:53:06,061 INFO o.a.j.r.ClassFinder: Will scan jar C:\PerfomanceTesting\Learning\LR2JMX\08.Tool\apache-jmeter-5.6.3\lib\ext\jmeter-parallel-0.12.jar with filter ExtendsClassFilter [parents=[interface org.apache.jmeter.gui.action.Command], inner=false, contains=null, notContains=null]. Consider exposing JMeter plugins via META-INF/services, and add JMeter-Skip-Class-Scanning=true manifest attribute so JMeter can skip classfile scanning
2025-02-06 16:53:06,061 INFO o.a.j.r.ClassFinder: Will scan jar C:\PerfomanceTesting\Learning\LR2JMX\08.Tool\apache-jmeter-5.6.3\lib\ext\jmeter-plugins-utility-functions-1.1.3.jar with filter ExtendsClassFilter [parents=[interface org.apache.jmeter.gui.action.Command], inner=false, contains=null, notContains=null]. Consider exposing JMeter plugins via META-INF/services, and add JMeter-Skip-Class-Scanning=true manifest attribute so JMeter can skip classfile scanning
2025-02-06 16:53:06,071 INFO o.a.j.r.ClassFinder: Will scan jar C:\PerfomanceTesting\Learning\LR2JMX\08.Tool\apache-jmeter-5.6.3\lib\ext\jmeter-plugins-casutg-2.10.jar with filter ExtendsClassFilter [parents=[interface org.apache.jmeter.gui.action.Command], inner=false, contains=null, notContains=null]. Consider exposing JMeter plugins via META-INF/services, and add JMeter-Skip-Class-Scanning=true manifest attribute so JMeter can skip classfile scanning
2025-02-06 16:53:06,079 INFO o.a.j.r.ClassFinder: Will scan jar C:\PerfomanceTesting\Learning\LR2JMX\08.Tool\apache-jmeter-5.6.3\lib\ext\jmeter-plugins-webdriver-4.13.0.1.jar with filter ExtendsClassFilter [parents=[interface org.apache.jmeter.gui.action.Command], inner=false, contains=null, notContains=null]. Consider exposing JMeter plugins via META-INF/services, and add JMeter-Skip-Class-Scanning=true manifest attribute so JMeter can skip classfile scanning
2025-02-06 16:53:06,168 INFO o.a.j.r.ClassFinder: Will scan jar C:\PerfomanceTesting\Learning\LR2JMX\08.Tool\apache-jmeter-5.6.3\lib\ext\jmeter-plugins-cmd-2.2.jar with filter ExtendsClassFilter [parents=[interface org.apache.jmeter.gui.plugin.MenuCreator], inner=false, contains=null, notContains=null]. Consider exposing JMeter plugins via META-INF/services, and add JMeter-Skip-Class-Scanning=true manifest attribute so JMeter can skip classfile scanning
2025-02-06 16:53:06,168 INFO o.a.j.r.ClassFinder: Will scan jar C:\PerfomanceTesting\Learning\LR2JMX\08.Tool\apache-jmeter-5.6.3\lib\ext\jmeter-plugins-functions-2.2.jar with filter ExtendsClassFilter [parents=[interface org.apache.jmeter.gui.plugin.MenuCreator], inner=false, contains=null, notContains=null]. Consider exposing JMeter plugins via META-INF/services, and add JMeter-Skip-Class-Scanning=true manifest attribute so JMeter can skip classfile scanning
2025-02-06 16:53:06,168 INFO o.a.j.r.ClassFinder: Will scan jar C:\PerfomanceTesting\Learning\LR2JMX\08.Tool\apache-jmeter-5.6.3\lib\ext\jmeter-iso8583-1.3.jar with filter ExtendsClassFilter [parents=[interface org.apache.jmeter.gui.plugin.MenuCreator], inner=false, contains=null, notContains=null]. Consider exposing JMeter plugins via META-INF/services, and add JMeter-Skip-Class-Scanning=true manifest attribute so JMeter can skip classfile scanning
2025-02-06 16:53:06,173 INFO o.a.j.r.ClassFinder: Will scan jar C:\PerfomanceTesting\Learning\LR2JMX\08.Tool\apache-jmeter-5.6.3\lib\ext\jmeter-parallel-0.11.jar with filter ExtendsClassFilter [parents=[interface org.apache.jmeter.gui.plugin.MenuCreator], inner=false, contains=null, notContains=null]. Consider exposing JMeter plugins via META-INF/services, and add JMeter-Skip-Class-Scanning=true manifest attribute so JMeter can skip classfile scanning
2025-02-06 16:53:06,173 INFO o.a.j.r.ClassFinder: Will scan jar C:\PerfomanceTesting\Learning\LR2JMX\08.Tool\apache-jmeter-5.6.3\lib\ext\jmeter-plugins-manager-1.10.jar with filter ExtendsClassFilter [parents=[interface org.apache.jmeter.gui.plugin.MenuCreator], inner=false, contains=null, notContains=null]. Consider exposing JMeter plugins via META-INF/services, and add JMeter-Skip-Class-Scanning=true manifest attribute so JMeter can skip classfile scanning
2025-02-06 16:53:06,173 INFO o.a.j.r.ClassFinder: Will scan jar C:\PerfomanceTesting\Learning\LR2JMX\08.Tool\apache-jmeter-5.6.3\lib\ext\har-convertor-jmeter-plugin-5.2-jar-with-dependencies.jar with filter ExtendsClassFilter [parents=[interface org.apache.jmeter.gui.plugin.MenuCreator], inner=false, contains=null, notContains=null]. Consider exposing JMeter plugins via META-INF/services, and add JMeter-Skip-Class-Scanning=true manifest attribute so JMeter can skip classfile scanning
2025-02-06 16:53:06,182 INFO o.a.j.r.ClassFinder: Will scan jar C:\PerfomanceTesting\Learning\LR2JMX\08.Tool\apache-jmeter-5.6.3\lib\ext\jmeter-plugins-graphs-basic-2.0.jar with filter ExtendsClassFilter [parents=[interface org.apache.jmeter.gui.plugin.MenuCreator], inner=false, contains=null, notContains=null]. Consider exposing JMeter plugins via META-INF/services, and add JMeter-Skip-Class-Scanning=true manifest attribute so JMeter can skip classfile scanning
2025-02-06 16:53:06,182 INFO o.a.j.r.ClassFinder: Will scan jar C:\PerfomanceTesting\Learning\LR2JMX\08.Tool\apache-jmeter-5.6.3\lib\ext\jmeter-plugins-filterresults-2.2.jar with filter ExtendsClassFilter [parents=[interface org.apache.jmeter.gui.plugin.MenuCreator], inner=false, contains=null, notContains=null]. Consider exposing JMeter plugins via META-INF/services, and add JMeter-Skip-Class-Scanning=true manifest attribute so JMeter can skip classfile scanning
2025-02-06 16:53:06,189 INFO o.a.j.r.ClassFinder: Will scan jar C:\PerfomanceTesting\Learning\LR2JMX\08.Tool\apache-jmeter-5.6.3\lib\ext\jmeter-har-import-plugin-v0.1.0.jar with filter ExtendsClassFilter [parents=[interface org.apache.jmeter.gui.plugin.MenuCreator], inner=false, contains=null, notContains=null]. Consider exposing JMeter plugins via META-INF/services, and add JMeter-Skip-Class-Scanning=true manifest attribute so JMeter can skip classfile scanning
2025-02-06 16:53:06,189 INFO o.a.j.r.ClassFinder: Will scan jar C:\PerfomanceTesting\Learning\LR2JMX\08.Tool\apache-jmeter-5.6.3\lib\ext\jmeter-har-import-plugin-v0.2.5.jar with filter ExtendsClassFilter [parents=[interface org.apache.jmeter.gui.plugin.MenuCreator], inner=false, contains=null, notContains=null]. Consider exposing JMeter plugins via META-INF/services, and add JMeter-Skip-Class-Scanning=true manifest attribute so JMeter can skip classfile scanning
2025-02-06 16:53:06,189 INFO o.a.j.r.ClassFinder: Will scan jar C:\PerfomanceTesting\Learning\LR2JMX\08.Tool\apache-jmeter-5.6.3\lib\ext\jmeter-plugins-graphs-composite-2.0.jar with filter ExtendsClassFilter [parents=[interface org.apache.jmeter.gui.plugin.MenuCreator], inner=false, contains=null, notContains=null]. Consider exposing JMeter plugins via META-INF/services, and add JMeter-Skip-Class-Scanning=true manifest attribute so JMeter can skip classfile scanning
2025-02-06 16:53:06,189 INFO o.a.j.r.ClassFinder: Will scan jar C:\PerfomanceTesting\Learning\LR2JMX\08.Tool\apache-jmeter-5.6.3\lib\ext\jmeter-plugins-graphs-additional-2.0.jar with filter ExtendsClassFilter [parents=[interface org.apache.jmeter.gui.plugin.MenuCreator], inner=false, contains=null, notContains=null]. Consider exposing JMeter plugins via META-INF/services, and add JMeter-Skip-Class-Scanning=true manifest attribute so JMeter can skip classfile scanning
2025-02-06 16:53:06,197 INFO o.a.j.r.ClassFinder: Will scan jar C:\PerfomanceTesting\Learning\LR2JMX\08.Tool\apache-jmeter-5.6.3\lib\ext\jmeter-plugins-graphs-ggl-2.0.jar with filter ExtendsClassFilter [parents=[interface org.apache.jmeter.gui.plugin.MenuCreator], inner=false, contains=null, notContains=null]. Consider exposing JMeter plugins via META-INF/services, and add JMeter-Skip-Class-Scanning=true manifest attribute so JMeter can skip classfile scanning
2025-02-06 16:53:06,197 INFO o.a.j.r.ClassFinder: Will scan jar C:\PerfomanceTesting\Learning\LR2JMX\08.Tool\apache-jmeter-5.6.3\lib\ext\jmeter-plugins-synthesis-2.2.jar with filter ExtendsClassFilter [parents=[interface org.apache.jmeter.gui.plugin.MenuCreator], inner=false, contains=null, notContains=null]. Consider exposing JMeter plugins via META-INF/services, and add JMeter-Skip-Class-Scanning=true manifest attribute so JMeter can skip classfile scanning
2025-02-06 16:53:06,197 INFO o.a.j.r.ClassFinder: Will scan jar C:\PerfomanceTesting\Learning\LR2JMX\08.Tool\apache-jmeter-5.6.3\lib\ext\jmeter-plugins-dummy-0.4.jar with filter ExtendsClassFilter [parents=[interface org.apache.jmeter.gui.plugin.MenuCreator], inner=false, contains=null, notContains=null]. Consider exposing JMeter plugins via META-INF/services, and add JMeter-Skip-Class-Scanning=true manifest attribute so JMeter can skip classfile scanning
2025-02-06 16:53:06,197 INFO o.a.j.r.ClassFinder: Will scan jar C:\PerfomanceTesting\Learning\LR2JMX\08.Tool\apache-jmeter-5.6.3\lib\ext\jmeter-plugins-webdriver-4.13.0.0.jar with filter ExtendsClassFilter [parents=[interface org.apache.jmeter.gui.plugin.MenuCreator], inner=false, contains=null, notContains=null]. Consider exposing JMeter plugins via META-INF/services, and add JMeter-Skip-Class-Scanning=true manifest attribute so JMeter can skip classfile scanning
2025-02-06 16:53:06,205 INFO o.a.j.r.ClassFinder: Will scan jar C:\PerfomanceTesting\Learning\LR2JMX\08.Tool\apache-jmeter-5.6.3\lib\ext\tag-jmeter-extn-1.1.jar with filter ExtendsClassFilter [parents=[interface org.apache.jmeter.gui.plugin.MenuCreator], inner=false, contains=null, notContains=null]. Consider exposing JMeter plugins via META-INF/services, and add JMeter-Skip-Class-Scanning=true manifest attribute so JMeter can skip classfile scanning
2025-02-06 16:53:06,209 INFO o.a.j.r.ClassFinder: Will scan jar C:\PerfomanceTesting\Learning\LR2JMX\08.Tool\apache-jmeter-5.6.3\lib\ext\jmeter-plugins-graphs-vs-2.0.jar with filter ExtendsClassFilter [parents=[interface org.apache.jmeter.gui.plugin.MenuCreator], inner=false, contains=null, notContains=null]. Consider exposing JMeter plugins via META-INF/services, and add JMeter-Skip-Class-Scanning=true manifest attribute so JMeter can skip classfile scanning
2025-02-06 16:53:06,209 INFO o.a.j.r.ClassFinder: Will scan jar C:\PerfomanceTesting\Learning\LR2JMX\08.Tool\apache-jmeter-5.6.3\lib\ext\jmeter-debugger-0.6.jar with filter ExtendsClassFilter [parents=[interface org.apache.jmeter.gui.plugin.MenuCreator], inner=false, contains=null, notContains=null]. Consider exposing JMeter plugins via META-INF/services, and add JMeter-Skip-Class-Scanning=true manifest attribute so JMeter can skip classfile scanning
2025-02-06 16:53:06,212 INFO o.a.j.r.ClassFinder: Will scan jar C:\PerfomanceTesting\Learning\LR2JMX\08.Tool\apache-jmeter-5.6.3\lib\ext\jmeter-parallel-0.12.jar with filter ExtendsClassFilter [parents=[interface org.apache.jmeter.gui.plugin.MenuCreator], inner=false, contains=null, notContains=null]. Consider exposing JMeter plugins via META-INF/services, and add JMeter-Skip-Class-Scanning=true manifest attribute so JMeter can skip classfile scanning
2025-02-06 16:53:06,214 INFO o.a.j.r.ClassFinder: Will scan jar C:\PerfomanceTesting\Learning\LR2JMX\08.Tool\apache-jmeter-5.6.3\lib\ext\jmeter-plugins-utility-functions-1.1.3.jar with filter ExtendsClassFilter [parents=[interface org.apache.jmeter.gui.plugin.MenuCreator], inner=false, contains=null, notContains=null]. Consider exposing JMeter plugins via META-INF/services, and add JMeter-Skip-Class-Scanning=true manifest attribute so JMeter can skip classfile scanning
2025-02-06 16:53:06,214 INFO o.a.j.r.ClassFinder: Will scan jar C:\PerfomanceTesting\Learning\LR2JMX\08.Tool\apache-jmeter-5.6.3\lib\ext\jmeter-plugins-casutg-2.10.jar with filter ExtendsClassFilter [parents=[interface org.apache.jmeter.gui.plugin.MenuCreator], inner=false, contains=null, notContains=null]. Consider exposing JMeter plugins via META-INF/services, and add JMeter-Skip-Class-Scanning=true manifest attribute so JMeter can skip classfile scanning
2025-02-06 16:53:06,214 INFO o.a.j.r.ClassFinder: Will scan jar C:\PerfomanceTesting\Learning\LR2JMX\08.Tool\apache-jmeter-5.6.3\lib\ext\jmeter-plugins-webdriver-4.13.0.1.jar with filter ExtendsClassFilter [parents=[interface org.apache.jmeter.gui.plugin.MenuCreator], inner=false, contains=null, notContains=null]. Consider exposing JMeter plugins via META-INF/services, and add JMeter-Skip-Class-Scanning=true manifest attribute so JMeter can skip classfile scanning
2025-02-06 16:53:06,334 WARN o.j.r.PluginManager: Found JAR conflict: C:\PerfomanceTesting\Learning\LR2JMX\08.Tool\apache-jmeter-5.6.3\lib\ext\jmeter-parallel-0.12.jar and C:\PerfomanceTesting\Learning\LR2JMX\08.Tool\apache-jmeter-5.6.3\lib\ext\jmeter-parallel-0.11.jar
2025-02-06 16:53:06,334 WARN o.j.r.PluginManager: Found JAR conflict: C:\PerfomanceTesting\Learning\LR2JMX\08.Tool\apache-jmeter-5.6.3\lib\ext\jmeter-plugins-webdriver-4.13.0.1.jar and C:\PerfomanceTesting\Learning\LR2JMX\08.Tool\apache-jmeter-5.6.3\lib\ext\jmeter-plugins-webdriver-4.13.0.0.jar
2025-02-06 16:53:07,196 INFO o.j.r.JARSourceHTTP: Requesting https://jmeter-plugins.org/repo/?installID=windows_10-43d6162ec99159f7e3c51a8db3148bff-gui
2025-02-06 16:53:09,487 INFO o.a.j.p.h.s.HTTPSamplerBase: Parser for text/html is org.apache.jmeter.protocol.http.parser.LagartoBasedHtmlParser
2025-02-06 16:53:09,487 INFO o.a.j.p.h.s.HTTPSamplerBase: Parser for application/xhtml+xml is org.apache.jmeter.protocol.http.parser.LagartoBasedHtmlParser
2025-02-06 16:53:09,487 INFO o.a.j.p.h.s.HTTPSamplerBase: Parser for application/xml is org.apache.jmeter.protocol.http.parser.LagartoBasedHtmlParser
2025-02-06 16:53:09,487 INFO o.a.j.p.h.s.HTTPSamplerBase: Parser for text/xml is org.apache.jmeter.protocol.http.parser.LagartoBasedHtmlParser
2025-02-06 16:53:09,487 INFO o.a.j.p.h.s.HTTPSamplerBase: Parser for text/vnd.wap.wml is org.apache.jmeter.protocol.http.parser.RegexpHTMLParser
2025-02-06 16:53:09,487 INFO o.a.j.p.h.s.HTTPSamplerBase: Parser for text/css is org.apache.jmeter.protocol.http.parser.CssParser
2025-02-06 16:53:10,144 WARN o.a.j.g.ObjectTableModel: Header count=13 but classes count=11
2025-02-06 16:53:10,144 WARN o.a.j.g.ObjectTableModel: Header count=13 but writeFunctor count=11
2025-02-06 16:53:11,732 WARN o.j.r.Plugin: Unable to load class: de.qytera.jmeterharimporter.HARImporter
java.lang.UnsupportedClassVersionError: de/qytera/jmeterharimporter/HARImporter has been compiled by a more recent version of the Java Runtime (class file version 55.0), this version of the Java Runtime only recognizes class file versions up to 52.0
	at java.lang.ClassLoader.defineClass1(Native Method) ~[?:1.8.0_202]
	at java.lang.ClassLoader.defineClass(Unknown Source) ~[?:1.8.0_202]
	at java.security.SecureClassLoader.defineClass(Unknown Source) ~[?:1.8.0_202]
	at java.net.URLClassLoader.defineClass(Unknown Source) ~[?:1.8.0_202]
	at java.net.URLClassLoader.access$100(Unknown Source) ~[?:1.8.0_202]
	at java.net.URLClassLoader$1.run(Unknown Source) ~[?:1.8.0_202]
	at java.net.URLClassLoader$1.run(Unknown Source) ~[?:1.8.0_202]
	at java.security.AccessController.doPrivileged(Native Method) ~[?:1.8.0_202]
	at java.net.URLClassLoader.findClass(Unknown Source) ~[?:1.8.0_202]
	at java.lang.ClassLoader.loadClass(Unknown Source) ~[?:1.8.0_202]
	at java.lang.ClassLoader.loadClass(Unknown Source) ~[?:1.8.0_202]
	at org.jmeterplugins.repository.Plugin.getJARPath(Plugin.java:202) [jmeter-plugins-manager-1.10.jar:?]
	at org.jmeterplugins.repository.Plugin.detectInstalledPlugin(Plugin.java:108) [jmeter-plugins-manager-1.10.jar:?]
	at org.jmeterplugins.repository.Plugin.detectInstalled(Plugin.java:97) [jmeter-plugins-manager-1.10.jar:?]
	at org.jmeterplugins.repository.PluginManager.load(PluginManager.java:86) [jmeter-plugins-manager-1.10.jar:?]
	at org.jmeterplugins.repository.PluginManagerMenuItem$1.run(PluginManagerMenuItem.java:38) [jmeter-plugins-manager-1.10.jar:?]
2025-02-06 16:53:11,761 INFO o.j.r.PluginManager: Plugins Status: [jpgc-graphs-basic=2.0, jpgc-graphs-additional=2.0, blazemeter-debugger=0.6, jpgc-cmd=2.2, jpgc-graphs-composite=2.0, jpgc-functions=2.2, jpgc-casutg=2.10, jpgc-dummy=0.4, jpgc-filterresults=2.2, jpgc-ggl=2.0, tilln-iso8583=1.3, jpgc-graphs-vs=2.0, bzm-parallel=0.11, jpgc-plugins-manager=1.10, jpgc-webdriver=4.13.0.0, jpgc-synthesis=2.2, UtilityJmeterFunctions=1.1.3, jmeter-core=5.6.3, jmeter-ftp=5.6.3, jmeter-http=5.6.3, jmeter-jdbc=5.6.3, jmeter-jms=5.6.3, jmeter-junit=5.6.3, jmeter-java=5.6.3, jmeter-ldap=5.6.3, jmeter-mail=5.6.3, jmeter-mongodb=5.6.3, jmeter-native=5.6.3, jmeter-tcp=5.6.3, jmeter-components=5.6.3, vdn-har-convertor-jmeter-tool=5.2]
2025-02-06 16:53:11,788 INFO o.j.r.PluginManagerMenuItem: Plugins Manager has upgrades: [jpgc-casutg, bzm-parallel, jpgc-webdriver, vdn-har-convertor-jmeter-tool]
2025-02-06 16:53:19,821 INFO o.a.j.s.FileServer: Default base='C:\PerfomanceTesting\Learning\LR2JMX\08.Tool\apache-jmeter-5.6.3\bin'
2025-02-06 16:53:19,825 INFO o.a.j.g.a.Load: Loading file: C:\PerfomanceTesting\Learning\LR2JMX\03.Scripts\OrangeHRM\OrangeHRMFileUpload\OrangeHRMFileUpload.jmx
2025-02-06 16:53:19,825 INFO o.a.j.s.FileServer: Set new base='C:\PerfomanceTesting\Learning\LR2JMX\03.Scripts\OrangeHRM\OrangeHRMFileUpload'
2025-02-06 16:53:20,033 INFO o.a.j.s.SaveService: Testplan (JMX) version: 2.2. Testlog (JTL) version: 2.2
2025-02-06 16:53:20,039 INFO o.a.j.s.SaveService: Using SaveService properties file encoding UTF-8
2025-02-06 16:53:20,047 INFO o.a.j.s.SaveService: Using SaveService properties version 5.0
2025-02-06 16:53:20,047 INFO o.a.j.s.SaveService: Loading file: C:\PerfomanceTesting\Learning\LR2JMX\03.Scripts\OrangeHRM\OrangeHRMFileUpload\OrangeHRMFileUpload.jmx
2025-02-06 16:53:20,269 INFO o.a.j.p.h.c.CookieManager: Settings: Delete null: true Check: true Allow variable: true Save: false Prefix: COOKIE_
2025-02-06 16:53:20,825 INFO o.a.j.s.FileServer: Set new base='C:\PerfomanceTesting\Learning\LR2JMX\03.Scripts\OrangeHRM\OrangeHRMFileUpload'
